22/06/2009 12:13:23 p.m. Supervisor-Temp [S200] Conectando con dispositivo, espere..
22/06/2009 12:13:29 p.m. Supervisor-Temp [S200] Exito en conexión con Dispositivo
22/06/2009 12:13:48 p.m. Supervisor-Temp[S200]Leyendo Datos...
22/06/2009 12:13:48 p.m. Supervisor-Temp[S200] Operación finalizada!Users Count:1
22/06/2009 12:13:55 p.m. Supervisor-Temp[S200]Leyendo Datos...
22/06/2009 12:13:55 p.m. Supervisor-Temp[S200] Operación finalizada!Users Count:1
22/06/2009 12:14:07 p.m. Supervisor-Temp [S200] Desconectado
22/06/2009 12:14:43 p.m. Supervisor-Temp [S200] Conectando con dispositivo, espere..
22/06/2009 12:14:48 p.m. Supervisor-Temp [S200] Exito en conexión con Dispositivo
22/06/2009 12:15:22 p.m. Supervisor-Temp [S200] Desconectado
22/06/2009 12:26:56 p.m. Supervisor-Temp [S200] Conectando con dispositivo, espere..
22/06/2009 12:27:00 p.m. Supervisor-Temp [S200] Exito en conexión con Dispositivo
22/06/2009 12:27:05 p.m. Supervisor-Temp[S200]Leyendo Datos...
22/06/2009 12:27:06 p.m. Supervisor-Temp[S200] Operación finalizada!Users Count:2
22/06/2009 12:27:27 p.m. Supervisor-Temp Transfiriendo datos ..
22/06/2009 12:27:27 p.m. Supervisor-Temp [S200]Operación finalizada!UploadUser:2
22/06/2009 12:27:42 p.m. Supervisor-Temp [S200] Desconectado
22/06/2009 12:28:12 p.m. Supervisor-Temp [S200] Conectando con dispositivo, espere..
22/06/2009 12:28:19 p.m. Supervisor-Temp [S200] Exito en conexión con Dispositivo
22/06/2009 12:28:23 p.m. Supervisor-Temp Transfiriendo datos ..
22/06/2009 12:28:23 p.m. Supervisor-Temp [S200]Operación finalizada!UploadUser:2
22/06/2009 12:28:51 p.m. Supervisor-Temp [S200] Desconectado
22/06/2009 12:29:58 p.m. Supervisor-Temp [S200] Conectando con dispositivo, espere..
22/06/2009 12:30:04 p.m. Supervisor-Temp [S200] Exito en conexión con Dispositivo
22/06/2009 12:30:24 p.m. Supervisor-Temp Transfiriendo datos ..
22/06/2009 12:30:25 p.m. Supervisor-Temp [S200]Operación finalizada!UploadUser:3
22/06/2009 12:30:43 p.m. Supervisor-Temp [S200] Desconectado
22/06/2009 12:36:07 p.m. Supervisor-Temp [S200] Conectando con dispositivo, espere..
22/06/2009 12:36:10 p.m. Supervisor-Temp [S200] Exito en conexión con Dispositivo
22/06/2009 12:36:15 p.m. Supervisor-Temp[S200]Leyendo Datos...
22/06/2009 12:36:15 p.m. Supervisor-Temp[S200] Operación finalizada!Users Count:3
22/06/2009 12:36:25 p.m. Supervisor-Temp [S200] Inicia descarga Reg
22/06/2009 12:36:26 p.m. Supervisor-Temp [S200]  Reg. Descargado: 54 Nuevos reg.: 54
22/06/2009 12:40:59 p.m. Supervisor-Temp [S200] Desconectado
22/06/2009 12:48:24 p.m. Supervisor-Temp [S200] Conectando con dispositivo, espere..
22/06/2009 12:48:26 p.m. Supervisor-Temp [S200] Exito en conexión con Dispositivo
22/06/2009 12:57:14 p.m. Supervisor-Temp [S200] Conectando con dispositivo, espere..
22/06/2009 12:57:19 p.m. Supervisor-Temp [S200] Exito en conexión con Dispositivo
22/06/2009 12:57:25 p.m. Supervisor-Temp [S200]Borra Reg
22/06/2009 12:57:57 p.m. Supervisor-Temp [S200] Desconectado
22/06/2009 12:58:08 p.m. Supervisor-Temp [S200] Conectando con dispositivo, espere..
22/06/2009 12:58:12 p.m. Supervisor-Temp [S200] Exito en conexión con Dispositivo
22/06/2009 12:59:34 p.m. Supervisor-Temp [S200] Desconectado
22/06/2009 01:09:17 p.m. Supervisor-Temp [S200FP] Conectando con dispositivo, espere..
22/06/2009 01:09:23 p.m. Supervisor-Temp [S200FP] Exito en conexión con Dispositivo
22/06/2009 01:09:30 p.m. Supervisor-Temp [S200FP] Inicia descarga Reg
22/06/2009 01:09:31 p.m. Supervisor-Temp [S200FP]  Reg. Descargado: 0 Nuevos reg.: 0
22/06/2009 01:09:39 p.m. Supervisor-Temp Transfiriendo datos ..
22/06/2009 01:09:39 p.m. Supervisor-Temp [S200FP]Operación finalizada!UploadUser:3
22/06/2009 01:09:39 p.m. Supervisor-Temp UploadFp:0
22/06/2009 01:15:05 p.m. Supervisor-Temp [S200FP] Conectando con dispositivo, espere..
22/06/2009 01:15:09 p.m. Supervisor-Temp [S200FP] 连接失败
22/06/2009 01:15:12 p.m. Supervisor-Temp [S200FP] Conectando con dispositivo, espere..
22/06/2009 01:15:16 p.m. Supervisor-Temp [S200FP] 连接失败
22/06/2009 01:16:16 p.m. Supervisor-Temp [S200FP] Conectando con dispositivo, espere..
22/06/2009 01:16:20 p.m. Supervisor-Temp [S200FP] 连接失败
22/06/2009 01:16:38 p.m. Supervisor-Temp [S200FP] Conectando con dispositivo, espere..
22/06/2009 01:16:46 p.m. Supervisor-Temp [S200FP] Exito en conexión con Dispositivo
22/06/2009 01:17:09 p.m. Supervisor-Temp [S200FP] Desconectado
22/06/2009 01:51:31 p.m. Supervisor-Temp [S200FP] Conectando con dispositivo, espere..
22/06/2009 01:51:36 p.m. Supervisor-Temp [S200FP] Exito en conexión con Dispositivo
22/06/2009 01:51:38 p.m. Supervisor-Temp [S200FP] Inicia descarga Reg
22/06/2009 01:51:39 p.m. Supervisor-Temp [S200FP]  Reg. Descargado: 10 Nuevos reg.: 10
22/06/2009 01:54:43 p.m. Supervisor-Temp [S200FP] Desconectado
22/06/2009 02:01:18 p.m. Supervisor-Temp [X638/M] Conectando con dispositivo, espere..
22/06/2009 02:01:22 p.m. Supervisor-Temp [X638/M] Exito en conexión con Dispositivo
22/06/2009 02:01:23 p.m. Supervisor-Temp [X638/M] Inicia descarga Reg
22/06/2009 02:01:24 p.m. Supervisor-Temp [X638/M]  Reg. Descargado: 17 Nuevos reg.: 7
22/06/2009 02:01:24 p.m. Supervisor-Temp [X638/M] Inicia descarga Reg
22/06/2009 02:01:25 p.m. Supervisor-Temp [X638/M]  Reg. Descargado: 17 Nuevos reg.: 0
22/06/2009 02:01:28 p.m. Supervisor-Temp [X638/M] Inicia descarga Reg
22/06/2009 02:01:30 p.m. Supervisor-Temp [X638/M]  Reg. Descargado: 17 Nuevos reg.: 0
22/06/2009 02:01:42 p.m. Supervisor-Temp [X638/M] Inicia descarga Reg
22/06/2009 02:01:43 p.m. Supervisor-Temp [X638/M]  Reg. Descargado: 17 Nuevos reg.: 0
22/06/2009 02:01:59 p.m. Supervisor-Temp[X638/M]Leyendo Datos...
22/06/2009 02:02:12 p.m. Supervisor-Temp1234[X638/M]Leer Plantilla de FP->NingúnDato
22/06/2009 02:02:13 p.m. Supervisor-Temp[X638/M] Operación finalizada!Users Count:4
22/06/2009 02:02:13 p.m. Supervisor-TempDownloaded Fp:3
22/06/2009 02:03:01 p.m. Supervisor-Temp [X638/M] Desconectado
22/06/2009 02:04:29 p.m. Supervisor-Temp [X638/M] Conectando con dispositivo, espere..
22/06/2009 02:04:36 p.m. Supervisor-Temp [X638/M] Exito en conexión con Dispositivo
22/06/2009 02:04:40 p.m. Supervisor-Temp [X638/M] Inicia descarga Reg
22/06/2009 02:04:40 p.m. Supervisor-Temp [X638/M]  Reg. Descargado: 23 Nuevos reg.: 6
22/06/2009 02:06:35 p.m. Supervisor-Temp [X638/M] Desconectado
22/06/2009 02:21:09 p.m. Supervisor-Temp [FINGER] Conectando con dispositivo, espere..
22/06/2009 02:21:13 p.m. Supervisor-Temp [FINGER] 连接失败
22/06/2009 02:24:11 p.m. Supervisor-Temp [FINGER] Conectando con dispositivo, espere..
22/06/2009 02:24:19 p.m. Supervisor-Temp [FINGER] Exito en conexión con Dispositivo
22/06/2009 02:24:45 p.m. Supervisor-Temp [FINGER] Desconectado
22/06/2009 02:27:02 p.m. Supervisor-Temp [FINGER] Conectando con dispositivo, espere..
22/06/2009 02:27:08 p.m. Supervisor-Temp [FINGER] Exito en conexión con Dispositivo
22/06/2009 02:27:38 p.m. Supervisor-Temp [FINGER] Desconectado
22/06/2009 02:28:30 p.m. Supervisor-Temp [FINGER] Conectando con dispositivo, espere..
22/06/2009 02:28:36 p.m. Supervisor-Temp [FINGER] Exito en conexión con Dispositivo
22/06/2009 02:28:50 p.m. Supervisor-Temp [FINGER] Inicia descarga Reg
22/06/2009 02:28:51 p.m. Supervisor-Temp [FINGER]  Reg. Descargado: 4 Nuevos reg.: 4
22/06/2009 02:31:25 p.m. Supervisor-Temp [FINGER] Desconectado
22/06/2009 03:01:36 p.m. Supervisor-Temp No se encuentra Disp.USB
22/06/2009 03:02:46 p.m. Supervisor-Temp No se encuentra Disp.USB
22/06/2009 03:03:01 p.m. Supervisor-Temp No se encuentra Disp.USB
22/06/2009 03:03:52 p.m. Supervisor-Temp No se encuentra Disp.USB
22/06/2009 03:07:08 p.m. Supervisor-Temp No se encuentra Disp.USB
22/06/2009 03:08:34 p.m. Supervisor-Temp No se encuentra Disp.USB
23/06/2009 02:06:12 p.m. Supervisor-Temp [X638/M] Conectando con dispositivo, espere..
23/06/2009 02:06:21 p.m. Supervisor-Temp [X638/M] Exito en conexión con Dispositivo
23/06/2009 02:07:41 p.m. Supervisor-Temp Transfiriendo datos ..
23/06/2009 02:07:41 p.m. Supervisor-Temp [X638/M]Operación finalizada!UploadUser:2
23/06/2009 02:07:42 p.m. Supervisor-Temp UploadFp:1
23/06/2009 02:08:03 p.m. Supervisor-Temp [X638/M] Desconectado
23/06/2009 02:09:05 p.m. Supervisor-Temp [X638/M] Conectando con dispositivo, espere..
23/06/2009 02:09:10 p.m. Supervisor-Temp [X638/M] Exito en conexión con Dispositivo
23/06/2009 02:09:15 p.m. Supervisor-Temp Transfiriendo datos ..
23/06/2009 02:09:16 p.m. Supervisor-Temp 1[X638/M]Fijar Plantilla de FP->Datos Existen
23/06/2009 02:09:16 p.m. Supervisor-Temp [X638/M]Operación finalizada!UploadUser:2
23/06/2009 02:09:16 p.m. Supervisor-Temp UploadFp:0
23/06/2009 02:09:20 p.m. Supervisor-Temp [X638/M] Inicia descarga Reg
23/06/2009 02:09:21 p.m. Supervisor-Temp [X638/M]  Reg. Descargado: 20 Nuevos reg.: 20
23/06/2009 02:11:07 p.m. Supervisor-Temp [X638/M] Desconectado
23/06/2009 02:48:04 p.m. Supervisor-Temp [X638/M] Conectando con dispositivo, espere..
23/06/2009 02:48:12 p.m. Supervisor-Temp [X638/M] Exito en conexión con Dispositivo
24/06/2009 08:50:21 a.m. Supervisor-Temp [X638/M] Conectando con dispositivo, espere..
24/06/2009 08:50:28 a.m. Supervisor-Temp [X638/M] Exito en conexión con Dispositivo
24/06/2009 08:50:34 a.m. Supervisor-Temp[X638/M]Leyendo Datos...
24/06/2009 08:50:45 a.m. Supervisor-Temp[X638/M] Operación finalizada!Users Count:6
24/06/2009 08:50:45 a.m. Supervisor-TempDownloaded Fp:6
24/06/2009 08:51:26 a.m. Supervisor-Temp [X638/M] Desconectado
24/06/2009 08:53:29 a.m. Supervisor-Temp [X638/M] Conectando con dispositivo, espere..
24/06/2009 08:53:33 a.m. Supervisor-Temp [X638/M] 连接失败
24/06/2009 08:53:44 a.m. Supervisor-Temp [X638/M] Conectando con dispositivo, espere..
24/06/2009 08:53:50 a.m. Supervisor-Temp [X638/M] Exito en conexión con Dispositivo
24/06/2009 08:54:09 a.m. Supervisor-Temp[X638/M]Leyendo Datos...
24/06/2009 08:54:10 a.m. Supervisor-Temp[X638/M] Operación finalizada!Users Count:1
24/06/2009 08:54:10 a.m. Supervisor-TempDownloaded Fp:1
24/06/2009 08:54:21 a.m. Supervisor-Temp[X638/M]Leyendo Datos...
24/06/2009 08:54:30 a.m. Supervisor-Temp[X638/M] Operación finalizada!Users Count:7
24/06/2009 08:54:30 a.m. Supervisor-TempDownloaded Fp:7
24/06/2009 08:54:51 a.m. Supervisor-Temp [X638/M] Desconectado
25/06/2009 09:55:50 a.m. Supervisor-Temp [X638/M] Conectando con dispositivo, espere..
25/06/2009 09:55:57 a.m. Supervisor-Temp [X638/M] Exito en conexión con Dispositivo
25/06/2009 09:56:00 a.m. Supervisor-Temp [X638/M] Inicia descarga Reg
25/06/2009 09:56:01 a.m. Supervisor-Temp [X638/M]  Reg. Descargado: 30 Nuevos reg.: 10
25/06/2009 10:01:49 a.m. Supervisor-Temp [X638/M] Desconectado
