LogMsg->"" Iniciando App... 07/06/2014 04:32:56 p.m.
Error->""  
 Msg = Valor demasiado grande o demasiado pequeño para Int32.
 StackTrace =    en System.Number.ParseInt32(String s, NumberStyles style, NumberFormatInfo info)
   en System.Convert.ToInt32(String value, IFormatProvider provider)
   en Newtonsoft.Json.JsonTextReader.ParseNumber()
   en Newtonsoft.Json.JsonTextReader.ParseValue()
   en Newtonsoft.Json.JsonTextReader.ReadInternal()
   en Newtonsoft.Json.JsonReader.ReadAsInt32Internal()
   en Newtonsoft.Json.JsonTextReader.ReadAsInt32()
   en Newtonsoft.Json.Serialization.JsonSerializerInternalReader.ReadForType(JsonReader reader, JsonContract contract, Boolean hasConverter)
   en Newtonsoft.Json.Serialization.JsonSerializerInternalReader.PopulateObject(Object newObject, JsonReader reader, JsonObjectContract contract, JsonProperty member, String id)
   en Newtonsoft.Json.Serialization.JsonSerializerInternalReader.CreateObject(JsonReader reader, Type objectType, JsonContract contract, JsonProperty member, JsonContainerContract containerContract, JsonProperty containerMember, Object existingValue)
   en Newtonsoft.Json.Serialization.JsonSerializerInternalReader.CreateValueInternal(JsonReader reader, Type objectType, JsonContract contract, JsonProperty member, JsonContainerContract containerContract, JsonProperty containerMember, Object existingValue)
   en Newtonsoft.Json.Serialization.JsonSerializerInternalReader.PopulateList(IWrappedCollection wrappedList, JsonReader reader, JsonArrayContract contract, JsonProperty containerProperty, String id)
   en Newtonsoft.Json.Serialization.JsonSerializerInternalReader.CreateList(JsonReader reader, Type objectType, JsonContract contract, JsonProperty member, Object existingValue, String id)
   en Newtonsoft.Json.Serialization.JsonSerializerInternalReader.CreateValueInternal(JsonReader reader, Type objectType, JsonContract contract, JsonProperty member, JsonContainerContract containerContract, JsonProperty containerMember, Object existingValue)
   en Newtonsoft.Json.Serialization.JsonSerializerInternalReader.Deserialize(JsonReader reader, Type objectType, Boolean checkAdditionalContent)
   en Newtonsoft.Json.JsonSerializer.DeserializeInternal(JsonReader reader, Type objectType)
   en Newtonsoft.Json.JsonSerializer.Deserialize(JsonReader reader, Type objectType)
   en Newtonsoft.Json.JsonConvert.DeserializeObject(String value, Type type, JsonSerializerSettings settings)
   en Newtonsoft.Json.JsonConvert.DeserializeObject[T](String value, JsonSerializerSettings settings)
   en Newtonsoft.Json.JsonConvert.DeserializeObject[T](String value)
   en eClockReports.S_Report.DeserealizaReporte_Asistencias(String DatosJson) en c:\Desarrollo\Entrytec\eClock\Código Fuente\eClock5\eClockReports\S_Report.svc.cs:línea 47
   en eClockReports.S_Report.ObtenReporte(String SesionSeguridad, String ReporteClase, String DatosJson, String Parametros, String Configuracion, Int32 FormatoRepID) en c:\Desarrollo\Entrytec\eClock\Código Fuente\eClock5\eClockReports\S_Report.svc.cs:línea 482 07/06/2014 05:22:09 p.m.
Error->""  
 Msg = Valor demasiado grande o demasiado pequeño para Int32.
 StackTrace =    en System.Number.ParseInt32(String s, NumberStyles style, NumberFormatInfo info)
   en System.Convert.ToInt32(String value, IFormatProvider provider)
   en Newtonsoft.Json.JsonTextReader.ParseNumber()
   en Newtonsoft.Json.JsonTextReader.ParseValue()
   en Newtonsoft.Json.JsonTextReader.ReadInternal()
   en Newtonsoft.Json.JsonReader.ReadAsInt32Internal()
   en Newtonsoft.Json.JsonTextReader.ReadAsInt32()
   en Newtonsoft.Json.Serialization.JsonSerializerInternalReader.ReadForType(JsonReader reader, JsonContract contract, Boolean hasConverter)
   en Newtonsoft.Json.Serialization.JsonSerializerInternalReader.PopulateObject(Object newObject, JsonReader reader, JsonObjectContract contract, JsonProperty member, String id)
   en Newtonsoft.Json.Serialization.JsonSerializerInternalReader.CreateObject(JsonReader reader, Type objectType, JsonContract contract, JsonProperty member, JsonContainerContract containerContract, JsonProperty containerMember, Object existingValue)
   en Newtonsoft.Json.Serialization.JsonSerializerInternalReader.CreateValueInternal(JsonReader reader, Type objectType, JsonContract contract, JsonProperty member, JsonContainerContract containerContract, JsonProperty containerMember, Object existingValue)
   en Newtonsoft.Json.Serialization.JsonSerializerInternalReader.PopulateList(IWrappedCollection wrappedList, JsonReader reader, JsonArrayContract contract, JsonProperty containerProperty, String id)
   en Newtonsoft.Json.Serialization.JsonSerializerInternalReader.CreateList(JsonReader reader, Type objectType, JsonContract contract, JsonProperty member, Object existingValue, String id)
   en Newtonsoft.Json.Serialization.JsonSerializerInternalReader.CreateValueInternal(JsonReader reader, Type objectType, JsonContract contract, JsonProperty member, JsonContainerContract containerContract, JsonProperty containerMember, Object existingValue)
   en Newtonsoft.Json.Serialization.JsonSerializerInternalReader.Deserialize(JsonReader reader, Type objectType, Boolean checkAdditionalContent)
   en Newtonsoft.Json.JsonSerializer.DeserializeInternal(JsonReader reader, Type objectType)
   en Newtonsoft.Json.JsonSerializer.Deserialize(JsonReader reader, Type objectType)
   en Newtonsoft.Json.JsonConvert.DeserializeObject(String value, Type type, JsonSerializerSettings settings)
   en Newtonsoft.Json.JsonConvert.DeserializeObject[T](String value, JsonSerializerSettings settings)
   en Newtonsoft.Json.JsonConvert.DeserializeObject[T](String value)
   en eClockReports.S_Report.DeserealizaReporte_Asistencias(String DatosJson) en c:\Desarrollo\Entrytec\eClock\Código Fuente\eClock5\eClockReports\S_Report.svc.cs:línea 47
   en eClockReports.S_Report.ObtenReporte(String SesionSeguridad, String ReporteClase, String DatosJson, String Parametros, String Configuracion, Int32 FormatoRepID) en c:\Desarrollo\Entrytec\eClock\Código Fuente\eClock5\eClockReports\S_Report.svc.cs:línea 482 07/06/2014 05:22:19 p.m.
Error->""  
 Msg = Valor demasiado grande o demasiado pequeño para Int32.
 StackTrace =    en System.Number.ParseInt32(String s, NumberStyles style, NumberFormatInfo info)
   en System.Convert.ToInt32(String value, IFormatProvider provider)
   en Newtonsoft.Json.JsonTextReader.ParseNumber()
   en Newtonsoft.Json.JsonTextReader.ParseValue()
   en Newtonsoft.Json.JsonTextReader.ReadInternal()
   en Newtonsoft.Json.JsonReader.ReadAsInt32Internal()
   en Newtonsoft.Json.JsonTextReader.ReadAsInt32()
   en Newtonsoft.Json.Serialization.JsonSerializerInternalReader.ReadForType(JsonReader reader, JsonContract contract, Boolean hasConverter)
   en Newtonsoft.Json.Serialization.JsonSerializerInternalReader.PopulateObject(Object newObject, JsonReader reader, JsonObjectContract contract, JsonProperty member, String id)
   en Newtonsoft.Json.Serialization.JsonSerializerInternalReader.CreateObject(JsonReader reader, Type objectType, JsonContract contract, JsonProperty member, JsonContainerContract containerContract, JsonProperty containerMember, Object existingValue)
   en Newtonsoft.Json.Serialization.JsonSerializerInternalReader.CreateValueInternal(JsonReader reader, Type objectType, JsonContract contract, JsonProperty member, JsonContainerContract containerContract, JsonProperty containerMember, Object existingValue)
   en Newtonsoft.Json.Serialization.JsonSerializerInternalReader.PopulateList(IWrappedCollection wrappedList, JsonReader reader, JsonArrayContract contract, JsonProperty containerProperty, String id)
   en Newtonsoft.Json.Serialization.JsonSerializerInternalReader.CreateList(JsonReader reader, Type objectType, JsonContract contract, JsonProperty member, Object existingValue, String id)
   en Newtonsoft.Json.Serialization.JsonSerializerInternalReader.CreateValueInternal(JsonReader reader, Type objectType, JsonContract contract, JsonProperty member, JsonContainerContract containerContract, JsonProperty containerMember, Object existingValue)
   en Newtonsoft.Json.Serialization.JsonSerializerInternalReader.Deserialize(JsonReader reader, Type objectType, Boolean checkAdditionalContent)
   en Newtonsoft.Json.JsonSerializer.DeserializeInternal(JsonReader reader, Type objectType)
   en Newtonsoft.Json.JsonSerializer.Deserialize(JsonReader reader, Type objectType)
   en Newtonsoft.Json.JsonConvert.DeserializeObject(String value, Type type, JsonSerializerSettings settings)
   en Newtonsoft.Json.JsonConvert.DeserializeObject[T](String value, JsonSerializerSettings settings)
   en Newtonsoft.Json.JsonConvert.DeserializeObject[T](String value)
   en eClockReports.S_Report.DeserealizaReporte_Asistencias(String DatosJson) en c:\Desarrollo\Entrytec\eClock\Código Fuente\eClock5\eClockReports\S_Report.svc.cs:línea 47
   en eClockReports.S_Report.ObtenReporte(String SesionSeguridad, String ReporteClase, String DatosJson, String Parametros, String Configuracion, Int32 FormatoRepID) en c:\Desarrollo\Entrytec\eClock\Código Fuente\eClock5\eClockReports\S_Report.svc.cs:línea 482 07/06/2014 05:22:41 p.m.
Error->""  
 Msg = Valor demasiado grande o demasiado pequeño para Int32.
 StackTrace =    en System.Number.ParseInt32(String s, NumberStyles style, NumberFormatInfo info)
   en System.Convert.ToInt32(String value, IFormatProvider provider)
   en Newtonsoft.Json.JsonTextReader.ParseNumber()
   en Newtonsoft.Json.JsonTextReader.ParseValue()
   en Newtonsoft.Json.JsonTextReader.ReadInternal()
   en Newtonsoft.Json.JsonReader.ReadAsInt32Internal()
   en Newtonsoft.Json.JsonTextReader.ReadAsInt32()
   en Newtonsoft.Json.Serialization.JsonSerializerInternalReader.ReadForType(JsonReader reader, JsonContract contract, Boolean hasConverter)
   en Newtonsoft.Json.Serialization.JsonSerializerInternalReader.PopulateObject(Object newObject, JsonReader reader, JsonObjectContract contract, JsonProperty member, String id)
   en Newtonsoft.Json.Serialization.JsonSerializerInternalReader.CreateObject(JsonReader reader, Type objectType, JsonContract contract, JsonProperty member, JsonContainerContract containerContract, JsonProperty containerMember, Object existingValue)
   en Newtonsoft.Json.Serialization.JsonSerializerInternalReader.CreateValueInternal(JsonReader reader, Type objectType, JsonContract contract, JsonProperty member, JsonContainerContract containerContract, JsonProperty containerMember, Object existingValue)
   en Newtonsoft.Json.Serialization.JsonSerializerInternalReader.PopulateList(IWrappedCollection wrappedList, JsonReader reader, JsonArrayContract contract, JsonProperty containerProperty, String id)
   en Newtonsoft.Json.Serialization.JsonSerializerInternalReader.CreateList(JsonReader reader, Type objectType, JsonContract contract, JsonProperty member, Object existingValue, String id)
   en Newtonsoft.Json.Serialization.JsonSerializerInternalReader.CreateValueInternal(JsonReader reader, Type objectType, JsonContract contract, JsonProperty member, JsonContainerContract containerContract, JsonProperty containerMember, Object existingValue)
   en Newtonsoft.Json.Serialization.JsonSerializerInternalReader.Deserialize(JsonReader reader, Type objectType, Boolean checkAdditionalContent)
   en Newtonsoft.Json.JsonSerializer.DeserializeInternal(JsonReader reader, Type objectType)
   en Newtonsoft.Json.JsonSerializer.Deserialize(JsonReader reader, Type objectType)
   en Newtonsoft.Json.JsonConvert.DeserializeObject(String value, Type type, JsonSerializerSettings settings)
   en Newtonsoft.Json.JsonConvert.DeserializeObject[T](String value, JsonSerializerSettings settings)
   en Newtonsoft.Json.JsonConvert.DeserializeObject[T](String value)
   en eClockReports.S_Report.DeserealizaReporte_Asistencias(String DatosJson) en c:\Desarrollo\Entrytec\eClock\Código Fuente\eClock5\eClockReports\S_Report.svc.cs:línea 47
   en eClockReports.S_Report.ObtenReporte(String SesionSeguridad, String ReporteClase, String DatosJson, String Parametros, String Configuracion, Int32 FormatoRepID) en c:\Desarrollo\Entrytec\eClock\Código Fuente\eClock5\eClockReports\S_Report.svc.cs:línea 482 07/06/2014 05:22:47 p.m.
Error->""  
 Msg = Valor demasiado grande o demasiado pequeño para Int32.
 StackTrace =    en System.Number.ParseInt32(String s, NumberStyles style, NumberFormatInfo info)
   en System.Convert.ToInt32(String value, IFormatProvider provider)
   en Newtonsoft.Json.JsonTextReader.ParseNumber()
   en Newtonsoft.Json.JsonTextReader.ParseValue()
   en Newtonsoft.Json.JsonTextReader.ReadInternal()
   en Newtonsoft.Json.JsonReader.ReadAsInt32Internal()
   en Newtonsoft.Json.JsonTextReader.ReadAsInt32()
   en Newtonsoft.Json.Serialization.JsonSerializerInternalReader.ReadForType(JsonReader reader, JsonContract contract, Boolean hasConverter)
   en Newtonsoft.Json.Serialization.JsonSerializerInternalReader.PopulateObject(Object newObject, JsonReader reader, JsonObjectContract contract, JsonProperty member, String id)
   en Newtonsoft.Json.Serialization.JsonSerializerInternalReader.CreateObject(JsonReader reader, Type objectType, JsonContract contract, JsonProperty member, JsonContainerContract containerContract, JsonProperty containerMember, Object existingValue)
   en Newtonsoft.Json.Serialization.JsonSerializerInternalReader.CreateValueInternal(JsonReader reader, Type objectType, JsonContract contract, JsonProperty member, JsonContainerContract containerContract, JsonProperty containerMember, Object existingValue)
   en Newtonsoft.Json.Serialization.JsonSerializerInternalReader.PopulateList(IWrappedCollection wrappedList, JsonReader reader, JsonArrayContract contract, JsonProperty containerProperty, String id)
   en Newtonsoft.Json.Serialization.JsonSerializerInternalReader.CreateList(JsonReader reader, Type objectType, JsonContract contract, JsonProperty member, Object existingValue, String id)
   en Newtonsoft.Json.Serialization.JsonSerializerInternalReader.CreateValueInternal(JsonReader reader, Type objectType, JsonContract contract, JsonProperty member, JsonContainerContract containerContract, JsonProperty containerMember, Object existingValue)
   en Newtonsoft.Json.Serialization.JsonSerializerInternalReader.Deserialize(JsonReader reader, Type objectType, Boolean checkAdditionalContent)
   en Newtonsoft.Json.JsonSerializer.DeserializeInternal(JsonReader reader, Type objectType)
   en Newtonsoft.Json.JsonSerializer.Deserialize(JsonReader reader, Type objectType)
   en Newtonsoft.Json.JsonConvert.DeserializeObject(String value, Type type, JsonSerializerSettings settings)
   en Newtonsoft.Json.JsonConvert.DeserializeObject[T](String value, JsonSerializerSettings settings)
   en Newtonsoft.Json.JsonConvert.DeserializeObject[T](String value)
   en eClockReports.S_Report.DeserealizaReporte_Asistencias(String DatosJson) en c:\Desarrollo\Entrytec\eClock\Código Fuente\eClock5\eClockReports\S_Report.svc.cs:línea 47
   en eClockReports.S_Report.ObtenReporte(String SesionSeguridad, String ReporteClase, String DatosJson, String Parametros, String Configuracion, Int32 FormatoRepID) en c:\Desarrollo\Entrytec\eClock\Código Fuente\eClock5\eClockReports\S_Report.svc.cs:línea 482 07/06/2014 05:23:37 p.m.
Error->""  
 Msg = Valor demasiado grande o demasiado pequeño para Int32.
 StackTrace =    en System.Number.ParseInt32(String s, NumberStyles style, NumberFormatInfo info)
   en System.Convert.ToInt32(String value, IFormatProvider provider)
   en Newtonsoft.Json.JsonTextReader.ParseNumber()
   en Newtonsoft.Json.JsonTextReader.ParseValue()
   en Newtonsoft.Json.JsonTextReader.ReadInternal()
   en Newtonsoft.Json.JsonReader.ReadAsInt32Internal()
   en Newtonsoft.Json.JsonTextReader.ReadAsInt32()
   en Newtonsoft.Json.Serialization.JsonSerializerInternalReader.ReadForType(JsonReader reader, JsonContract contract, Boolean hasConverter)
   en Newtonsoft.Json.Serialization.JsonSerializerInternalReader.PopulateObject(Object newObject, JsonReader reader, JsonObjectContract contract, JsonProperty member, String id)
   en Newtonsoft.Json.Serialization.JsonSerializerInternalReader.CreateObject(JsonReader reader, Type objectType, JsonContract contract, JsonProperty member, JsonContainerContract containerContract, JsonProperty containerMember, Object existingValue)
   en Newtonsoft.Json.Serialization.JsonSerializerInternalReader.CreateValueInternal(JsonReader reader, Type objectType, JsonContract contract, JsonProperty member, JsonContainerContract containerContract, JsonProperty containerMember, Object existingValue)
   en Newtonsoft.Json.Serialization.JsonSerializerInternalReader.PopulateList(IWrappedCollection wrappedList, JsonReader reader, JsonArrayContract contract, JsonProperty containerProperty, String id)
   en Newtonsoft.Json.Serialization.JsonSerializerInternalReader.CreateList(JsonReader reader, Type objectType, JsonContract contract, JsonProperty member, Object existingValue, String id)
   en Newtonsoft.Json.Serialization.JsonSerializerInternalReader.CreateValueInternal(JsonReader reader, Type objectType, JsonContract contract, JsonProperty member, JsonContainerContract containerContract, JsonProperty containerMember, Object existingValue)
   en Newtonsoft.Json.Serialization.JsonSerializerInternalReader.Deserialize(JsonReader reader, Type objectType, Boolean checkAdditionalContent)
   en Newtonsoft.Json.JsonSerializer.DeserializeInternal(JsonReader reader, Type objectType)
   en Newtonsoft.Json.JsonSerializer.Deserialize(JsonReader reader, Type objectType)
   en Newtonsoft.Json.JsonConvert.DeserializeObject(String value, Type type, JsonSerializerSettings settings)
   en Newtonsoft.Json.JsonConvert.DeserializeObject[T](String value, JsonSerializerSettings settings)
   en Newtonsoft.Json.JsonConvert.DeserializeObject[T](String value)
   en eClockReports.S_Report.DeserealizaReporte_Asistencias(String DatosJson) en c:\Desarrollo\Entrytec\eClock\Código Fuente\eClock5\eClockReports\S_Report.svc.cs:línea 47
   en eClockReports.S_Report.ObtenReporte(String SesionSeguridad, String ReporteClase, String DatosJson, String Parametros, String Configuracion, Int32 FormatoRepID) en c:\Desarrollo\Entrytec\eClock\Código Fuente\eClock5\eClockReports\S_Report.svc.cs:línea 482 07/06/2014 05:23:54 p.m.
